<?xml version="1.0" encoding="UTF-8"?>
<!-- Generated by org.testng.reporters.JUnitReportReporter -->
<testsuite hostname="LAPTOP-G6UNBAIG" failures="0" tests="1" name="Demo.OrangeHRM" time="68.916" errors="0" timestamp="2024-10-24T00:05:22 IST" skipped="0">
  <testcase classname="Demo.OrangeHRM" name="loginAndLogout" time="68.916"/>
</testsuite> <!-- Demo.OrangeHRM -->
